c:\users\thoma\source\repos\fibonachi\fibonachi\debug\vc142.pdb
c:\users\thoma\source\repos\fibonachi\fibonachi\debug\vc142.idb
c:\users\thoma\source\repos\fibonachi\fibonachi\debug\fibonachi.obj
c:\users\thoma\source\repos\fibonachi\debug\fibonachi.pdb
c:\users\thoma\source\repos\fibonachi\fibonachi\debug\fibonachi.tlog\cl.command.1.tlog
c:\users\thoma\source\repos\fibonachi\fibonachi\debug\fibonachi.tlog\cl.read.1.tlog
c:\users\thoma\source\repos\fibonachi\fibonachi\debug\fibonachi.tlog\cl.write.1.tlog
c:\users\thoma\source\repos\fibonachi\fibonachi\debug\fibonachi.tlog\link-cvtres.read.1.tlog
c:\users\thoma\source\repos\fibonachi\fibonachi\debug\fibonachi.tlog\link-cvtres.write.1.tlog
c:\users\thoma\source\repos\fibonachi\fibonachi\debug\fibonachi.tlog\link-rc.read.1.tlog
c:\users\thoma\source\repos\fibonachi\fibonachi\debug\fibonachi.tlog\link-rc.write.1.tlog
c:\users\thoma\source\repos\fibonachi\fibonachi\debug\fibonachi.tlog\link.6472-cvtres.read.1.tlog
c:\users\thoma\source\repos\fibonachi\fibonachi\debug\fibonachi.tlog\link.6472-cvtres.write.1.tlog
c:\users\thoma\source\repos\fibonachi\fibonachi\debug\fibonachi.tlog\link.6472-rc.read.1.tlog
c:\users\thoma\source\repos\fibonachi\fibonachi\debug\fibonachi.tlog\link.6472-rc.write.1.tlog
c:\users\thoma\source\repos\fibonachi\fibonachi\debug\fibonachi.tlog\link.6472.read.1.tlog
c:\users\thoma\source\repos\fibonachi\fibonachi\debug\fibonachi.tlog\link.6472.write.1.tlog
c:\users\thoma\source\repos\fibonachi\fibonachi\debug\fibonachi.tlog\link.command.1.tlog
c:\users\thoma\source\repos\fibonachi\fibonachi\debug\fibonachi.tlog\link.read.1.tlog
c:\users\thoma\source\repos\fibonachi\fibonachi\debug\fibonachi.tlog\link.write.1.tlog
